<?xml version="1.0" encoding="UTF-8" ?>
<testsuite errors="1" failures="0" hostname="ip-172-31-14-6" name="biz.calavera.TestClass1" tests="1" time="0.057" timestamp="2017-03-25T12:08:25">
  <properties>
[...]
</properties>
  <testcase classname="biz.calavera.TestClass1" name="initializationError" time="0.016">
    <error message="org/hamcrest/SelfDescribing" type="java.lang.NoClassDefFoundError">java.lang.NoClassDefFoundError: org/hamcrest/SelfDescribing
	at java.lang.ClassLoader.defineClass1(Native Method)
	at java.lang.ClassLoader.defineClass(ClassLoader.java:803)
	at java.security.SecureClassLoader.defineClass(SecureClassLoader.java:142)
	at java.net.URLClassLoader.defineClass(URLClassLoader.java:442)
	at java.net.URLClassLoader.access$100(URLClassLoader.java:64)
	at java.net.URLClassLoader$1.run(URLClassLoader.java:354)
	at java.net.URLClassLoader$1.run(URLClassLoader.java:348)
	at java.security.AccessController.doPrivileged(Native Method)
	at java.net.URLClassLoader.findClass(URLClassLoader.java:347)
	at java.lang.ClassLoader.loadClass(ClassLoader.java:425)
	at sun.misc.Launcher$AppClassLoader.loadClass(Launcher.java:308)
	at java.lang.ClassLoader.loadClass(ClassLoader.java:358)
	at java.lang.reflect.Constructor.newInstance(Constructor.java:526)
Caused by: java.lang.ClassNotFoundException: org.hamcrest.SelfDescribing
	at java.net.URLClassLoader$1.run(URLClassLoader.java:359)
	at java.net.URLClassLoader$1.run(URLClassLoader.java:348)
	at java.security.AccessController.doPrivileged(Native Method)
	at java.net.URLClassLoader.findClass(URLClassLoader.java:347)
	at java.lang.ClassLoader.loadClass(ClassLoader.java:425)
	at sun.misc.Launcher$AppClassLoader.loadClass(Launcher.java:308)
	at java.lang.ClassLoader.loadClass(ClassLoader.java:358)
</error>
  </testcase>
  <system-out><![CDATA[]]></system-out>
  <system-err><![CDATA[]]></system-err>
</testsuite>
